<?xml version="1.0" encoding="UTF-8"?>
<!-- Generated by org.testng.reporters.JUnitReportReporter -->
<testsuite hostname="DESKTOP-3SO37L3" failures="0" tests="3" name="com.nopcommerce.tests.SearchPageTest" time="12.558" errors="0" timestamp="2022-02-17T21:31:38 CST" skipped="0">
  <testcase classname="com.nopcommerce.tests.SearchPageTest" name="verifySearchPageNameTest" time="3.298"/>
  <system-out/>
  <testcase classname="com.nopcommerce.tests.SearchPageTest" name="verifyManufactureDropdownListTest" time="6.128"/>
  <system-out/>
  <testcase classname="com.nopcommerce.tests.SearchPageTest" name="validateCategoryListTest" time="3.132"/>
  <system-out/>
</testsuite> <!-- com.nopcommerce.tests.SearchPageTest -->
