<?xml version="1.0" encoding="UTF-8"?>
<!-- Generated by org.testng.reporters.JUnitReportReporter -->
<testsuite hostname="DESKTOP-3SO37L3" failures="0" tests="2" name="com.nopcommerce.tests.RegisterPageTest" time="39.732" errors="0" timestamp="2022-02-17T21:31:38 CST" skipped="0">
  <testcase classname="com.nopcommerce.tests.RegisterPageTest" name="registerNewUserTest" time="20.889"/>
  <system-out/>
  <testcase classname="com.nopcommerce.tests.RegisterPageTest" name="registerNewUserTest" time="18.843"/>
  <system-out/>
</testsuite> <!-- com.nopcommerce.tests.RegisterPageTest -->
