<?xml version="1.0" encoding="UTF-8"?>
<!-- Generated by org.testng.reporters.JUnitReportReporter -->
<testsuite hostname="DESKTOP-3SO37L3" failures="0" tests="4" name="com.nopcommerce.tests.HomePageTest" time="6.063" errors="0" timestamp="2022-02-17T21:31:38 CST" skipped="0">
  <testcase classname="com.nopcommerce.tests.HomePageTest" name="validatePageTitleTest" time="1.014"/>
  <system-out/>
  <testcase classname="com.nopcommerce.tests.HomePageTest" name="verifyLogoTest" time="2.799"/>
  <system-out/>
  <testcase classname="com.nopcommerce.tests.HomePageTest" name="verifyLoginLinkTest" time="0.964"/>
  <system-out/>
  <testcase classname="com.nopcommerce.tests.HomePageTest" name="verifyRegisterLinkTest" time="1.286"/>
  <system-out/>
</testsuite> <!-- com.nopcommerce.tests.HomePageTest -->
